<?xml version="1.0" encoding="UTF-8"?>
<testsuite name="ComplexTest" tests="23" skipped="0" failures="0" errors="0" timestamp="2020-06-05T13:31:16" hostname="Orbans-MBP-2" time="0.476">
  <properties/>
  <testcase name="divOperators" classname="ComplexTest" time="0.015"/>
  <testcase name="exceptionThrown2" classname="ComplexTest" time="0.059"/>
  <testcase name="exceptionThrown" classname="ComplexTest" time="0.004"/>
  <testcase name="double" classname="ComplexTest" time="0.0"/>
  <testcase name="timesOperators" classname="ComplexTest" time="0.051"/>
  <testcase name="properties" classname="ComplexTest" time="0.005"/>
  <testcase name="compare_to" classname="ComplexTest" time="0.0"/>
  <testcase name="to_string_printing" classname="ComplexTest" time="0.027"/>
  <testcase name="minusOperators" classname="ComplexTest" time="0.0"/>
  <testcase name="rotation" classname="ComplexTest" time="0.001"/>
  <testcase name="int" classname="ComplexTest" time="0.0"/>
  <testcase name="pow" classname="ComplexTest" time="0.0"/>
  <testcase name="byte" classname="ComplexTest" time="0.0"/>
  <testcase name="copy" classname="ComplexTest" time="0.0"/>
  <testcase name="long" classname="ComplexTest" time="0.0"/>
  <testcase name="root" classname="ComplexTest" time="0.101"/>
  <testcase name="float" classname="ComplexTest" time="0.001"/>
  <testcase name="short" classname="ComplexTest" time="0.02"/>
  <testcase name="hashcode" classname="ComplexTest" time="0.0"/>
  <testcase name="equality" classname="ComplexTest" time="0.0"/>
  <testcase name="plusOperators" classname="ComplexTest" time="0.001"/>
  <testcase name="unaryOperators" classname="ComplexTest" time="0.003"/>
  <testcase name="initialization" classname="ComplexTest" time="0.018"/>
  <system-out><![CDATA[]]></system-out>
  <system-err><![CDATA[]]></system-err>
</testsuite>
